Importing submoduled environments...
Submoduled environments not found. Skipping import.
Config:
 alg:
  ALG_NAME: iql_teams
  TOTAL_TIMESTEPS: 2000000
  NUM_ENVS: 8
  NUM_STEPS: 26
  BUFFER_SIZE: 5000
  BUFFER_BATCH_SIZE: 32
  HIDDEN_SIZE: 64
  EPS_START: 1.0
  EPS_FINISH: 0.05
  EPS_DECAY: 0.1
  MAX_GRAD_NORM: 25
  TARGET_UPDATE_INTERVAL: 200
  TAU: 1.0
  NUM_EPOCHS: 1
  LR: 0.005
  LEARNING_STARTS: 10000
  LR_LINEAR_DECAY: true
  GAMMA: 0.9
  REW_SCALE: 1.0
  ENV_NAME: MPE_simple_tag_v3
  ENV_KWARGS: {}
  TEST_DURING_TRAINING: true
  TEST_INTERVAL: 0.05
  TEST_NUM_STEPS: 30
  TEST_NUM_ENVS: 128
NUM_SEEDS: 1
SEED: 0
ENTITY: ''
PROJECT: pp_cotrain
WANDB_MODE: disabled
WANDB_LOG_ALL_SEEDS: false
SAVE_PATH: logs
ALG_NAME: iql_teams
TOTAL_TIMESTEPS: 2000000
NUM_ENVS: 8
NUM_STEPS: 26
BUFFER_SIZE: 5000
BUFFER_BATCH_SIZE: 32
HIDDEN_SIZE: 64
EPS_START: 1.0
EPS_FINISH: 0.05
EPS_DECAY: 0.1
MAX_GRAD_NORM: 25
TARGET_UPDATE_INTERVAL: 200
TAU: 1.0
NUM_EPOCHS: 1
LR: 0.005
LEARNING_STARTS: 10000
LR_LINEAR_DECAY: true
GAMMA: 0.9
REW_SCALE: 1.0
ENV_NAME: MPE_simple_tag_v3
ENV_KWARGS: {}
TEST_DURING_TRAINING: true
TEST_INTERVAL: 0.05
TEST_NUM_STEPS: 30
TEST_NUM_ENVS: 128

Training done in 149.8s
